<?xml version="1.0" encoding="UTF-8"?>
<testsuite xmlns:xsi="http://www.w3.org/2001/XMLSchema-instance" xsi:noNamespaceSchemaLocation="https://maven.apache.org/surefire/maven-surefire-plugin/xsd/surefire-test-report.xsd" name="examples.ExamplesTest" time="3.741" tests="4" errors="0" skipped="0" failures="4">
  <properties>
    <property name="sun.desktop" value="gnome"/>
    <property name="awt.toolkit" value="sun.awt.X11.XToolkit"/>
    <property name="file.encoding.pkg" value="sun.io"/>
    <property name="java.specification.version" value="1.8"/>
    <property name="sun.cpu.isalist" value=""/>
    <property name="sun.jnu.encoding" value="UTF-8"/>
    <property name="java.class.path" value="/home/shamaz/Web/Dining with friends/test/myproject/target/test-classes:/home/shamaz/Web/Dining with friends/test/myproject/target/classes:/home/shamaz/.m2/repository/com/intuit/karate/karate-apache/0.9.6/karate-apache-0.9.6.jar:/home/shamaz/.m2/repository/com/intuit/karate/karate-core/0.9.6/karate-core-0.9.6.jar:/home/shamaz/.m2/repository/com/jayway/jsonpath/json-path/2.4.0/json-path-2.4.0.jar:/home/shamaz/.m2/repository/net/minidev/json-smart/2.3/json-smart-2.3.jar:/home/shamaz/.m2/repository/net/minidev/accessors-smart/1.2/accessors-smart-1.2.jar:/home/shamaz/.m2/repository/org/ow2/asm/asm/5.0.4/asm-5.0.4.jar:/home/shamaz/.m2/repository/info/cukes/cucumber-java/1.2.5/cucumber-java-1.2.5.jar:/home/shamaz/.m2/repository/info/cukes/cucumber-core/1.2.5/cucumber-core-1.2.5.jar:/home/shamaz/.m2/repository/org/yaml/snakeyaml/1.24/snakeyaml-1.24.jar:/home/shamaz/.m2/repository/de/siegmar/fastcsv/1.0.3/fastcsv-1.0.3.jar:/home/shamaz/.m2/repository/info/picocli/picocli/4.0.3/picocli-4.0.3.jar:/home/shamaz/.m2/repository/org/apache/httpcomponents/httpclient/4.5.12/httpclient-4.5.12.jar:/home/shamaz/.m2/repository/org/apache/httpcomponents/httpcore/4.4.13/httpcore-4.4.13.jar:/home/shamaz/.m2/repository/commons-codec/commons-codec/1.11/commons-codec-1.11.jar:/home/shamaz/.m2/repository/org/apache/httpcomponents/httpmime/4.5.12/httpmime-4.5.12.jar:/home/shamaz/.m2/repository/org/slf4j/jcl-over-slf4j/1.7.25/jcl-over-slf4j-1.7.25.jar:/home/shamaz/.m2/repository/org/slf4j/slf4j-api/1.7.25/slf4j-api-1.7.25.jar:/home/shamaz/.m2/repository/ch/qos/logback/logback-classic/1.2.3/logback-classic-1.2.3.jar:/home/shamaz/.m2/repository/ch/qos/logback/logback-core/1.2.3/logback-core-1.2.3.jar:/home/shamaz/.m2/repository/com/intuit/karate/karate-junit5/0.9.6/karate-junit5-0.9.6.jar:/home/shamaz/.m2/repository/org/junit/jupiter/junit-jupiter-api/5.5.0/junit-jupiter-api-5.5.0.jar:/home/shamaz/.m2/repository/org/apiguardian/apiguardian-api/1.1.0/apiguardian-api-1.1.0.jar:/home/shamaz/.m2/repository/org/opentest4j/opentest4j/1.2.0/opentest4j-1.2.0.jar:/home/shamaz/.m2/repository/org/junit/platform/junit-platform-commons/1.5.0/junit-platform-commons-1.5.0.jar:/home/shamaz/.m2/repository/org/junit/jupiter/junit-jupiter-engine/5.5.0/junit-jupiter-engine-5.5.0.jar:/home/shamaz/.m2/repository/org/junit/platform/junit-platform-engine/1.5.0/junit-platform-engine-1.5.0.jar:"/>
    <property name="java.vm.vendor" value="Private Build"/>
    <property name="sun.arch.data.model" value="64"/>
    <property name="java.vendor.url" value="http://java.oracle.com/"/>
    <property name="user.timezone" value=""/>
    <property name="java.vm.specification.version" value="1.8"/>
    <property name="os.name" value="Linux"/>
    <property name="user.country" value="US"/>
    <property name="sun.java.launcher" value="SUN_STANDARD"/>
    <property name="sun.boot.library.path" value="/usr/lib/jvm/java-8-openjdk-amd64/jre/lib/amd64"/>
    <property name="sun.java.command" value="/home/shamaz/Web/Dining with friends/test/myproject/target/surefire/surefirebooter2532360074549093528.jar /home/shamaz/Web/Dining with friends/test/myproject/target/surefire 2021-03-16T18-41-40_304-jvmRun1 surefire8612086025974879985tmp surefire_03106076026836176934tmp"/>
    <property name="surefire.test.class.path" value="/home/shamaz/Web/Dining with friends/test/myproject/target/test-classes:/home/shamaz/Web/Dining with friends/test/myproject/target/classes:/home/shamaz/.m2/repository/com/intuit/karate/karate-apache/0.9.6/karate-apache-0.9.6.jar:/home/shamaz/.m2/repository/com/intuit/karate/karate-core/0.9.6/karate-core-0.9.6.jar:/home/shamaz/.m2/repository/com/jayway/jsonpath/json-path/2.4.0/json-path-2.4.0.jar:/home/shamaz/.m2/repository/net/minidev/json-smart/2.3/json-smart-2.3.jar:/home/shamaz/.m2/repository/net/minidev/accessors-smart/1.2/accessors-smart-1.2.jar:/home/shamaz/.m2/repository/org/ow2/asm/asm/5.0.4/asm-5.0.4.jar:/home/shamaz/.m2/repository/info/cukes/cucumber-java/1.2.5/cucumber-java-1.2.5.jar:/home/shamaz/.m2/repository/info/cukes/cucumber-core/1.2.5/cucumber-core-1.2.5.jar:/home/shamaz/.m2/repository/org/yaml/snakeyaml/1.24/snakeyaml-1.24.jar:/home/shamaz/.m2/repository/de/siegmar/fastcsv/1.0.3/fastcsv-1.0.3.jar:/home/shamaz/.m2/repository/info/picocli/picocli/4.0.3/picocli-4.0.3.jar:/home/shamaz/.m2/repository/org/apache/httpcomponents/httpclient/4.5.12/httpclient-4.5.12.jar:/home/shamaz/.m2/repository/org/apache/httpcomponents/httpcore/4.4.13/httpcore-4.4.13.jar:/home/shamaz/.m2/repository/commons-codec/commons-codec/1.11/commons-codec-1.11.jar:/home/shamaz/.m2/repository/org/apache/httpcomponents/httpmime/4.5.12/httpmime-4.5.12.jar:/home/shamaz/.m2/repository/org/slf4j/jcl-over-slf4j/1.7.25/jcl-over-slf4j-1.7.25.jar:/home/shamaz/.m2/repository/org/slf4j/slf4j-api/1.7.25/slf4j-api-1.7.25.jar:/home/shamaz/.m2/repository/ch/qos/logback/logback-classic/1.2.3/logback-classic-1.2.3.jar:/home/shamaz/.m2/repository/ch/qos/logback/logback-core/1.2.3/logback-core-1.2.3.jar:/home/shamaz/.m2/repository/com/intuit/karate/karate-junit5/0.9.6/karate-junit5-0.9.6.jar:/home/shamaz/.m2/repository/org/junit/jupiter/junit-jupiter-api/5.5.0/junit-jupiter-api-5.5.0.jar:/home/shamaz/.m2/repository/org/apiguardian/apiguardian-api/1.1.0/apiguardian-api-1.1.0.jar:/home/shamaz/.m2/repository/org/opentest4j/opentest4j/1.2.0/opentest4j-1.2.0.jar:/home/shamaz/.m2/repository/org/junit/platform/junit-platform-commons/1.5.0/junit-platform-commons-1.5.0.jar:/home/shamaz/.m2/repository/org/junit/jupiter/junit-jupiter-engine/5.5.0/junit-jupiter-engine-5.5.0.jar:/home/shamaz/.m2/repository/org/junit/platform/junit-platform-engine/1.5.0/junit-platform-engine-1.5.0.jar:"/>
    <property name="sun.cpu.endian" value="little"/>
    <property name="user.home" value="/home/shamaz"/>
    <property name="user.language" value="en"/>
    <property name="java.specification.vendor" value="Oracle Corporation"/>
    <property name="java.home" value="/usr/lib/jvm/java-8-openjdk-amd64/jre"/>
    <property name="basedir" value="/home/shamaz/Web/Dining with friends/test/myproject"/>
    <property name="file.separator" value="/"/>
    <property name="line.separator" value="&#10;"/>
    <property name="java.vm.specification.vendor" value="Oracle Corporation"/>
    <property name="java.specification.name" value="Java Platform API Specification"/>
    <property name="java.awt.graphicsenv" value="sun.awt.X11GraphicsEnvironment"/>
    <property name="surefire.real.class.path" value="/home/shamaz/Web/Dining with friends/test/myproject/target/surefire/surefirebooter2532360074549093528.jar"/>
    <property name="sun.boot.class.path" value="/usr/lib/jvm/java-8-openjdk-amd64/jre/lib/resources.jar:/usr/lib/jvm/java-8-openjdk-amd64/jre/lib/rt.jar:/usr/lib/jvm/java-8-openjdk-amd64/jre/lib/sunrsasign.jar:/usr/lib/jvm/java-8-openjdk-amd64/jre/lib/jsse.jar:/usr/lib/jvm/java-8-openjdk-amd64/jre/lib/jce.jar:/usr/lib/jvm/java-8-openjdk-amd64/jre/lib/charsets.jar:/usr/lib/jvm/java-8-openjdk-amd64/jre/lib/jfr.jar:/usr/lib/jvm/java-8-openjdk-amd64/jre/classes"/>
    <property name="sun.management.compiler" value="HotSpot 64-Bit Tiered Compilers"/>
    <property name="java.runtime.version" value="1.8.0_282-8u282-b08-0ubuntu1~20.04-b08"/>
    <property name="user.name" value="shamaz"/>
    <property name="path.separator" value=":"/>
    <property name="os.version" value="5.8.0-43-generic"/>
    <property name="java.endorsed.dirs" value="/usr/lib/jvm/java-8-openjdk-amd64/jre/lib/endorsed"/>
    <property name="java.runtime.name" value="OpenJDK Runtime Environment"/>
    <property name="file.encoding" value="UTF-8"/>
    <property name="java.vm.name" value="OpenJDK 64-Bit Server VM"/>
    <property name="localRepository" value="/home/shamaz/.m2/repository"/>
    <property name="java.vendor.url.bug" value="http://bugreport.sun.com/bugreport/"/>
    <property name="java.io.tmpdir" value="/tmp"/>
    <property name="java.version" value="1.8.0_282"/>
    <property name="user.dir" value="/home/shamaz/Web/Dining with friends/test/myproject"/>
    <property name="os.arch" value="amd64"/>
    <property name="java.vm.specification.name" value="Java Virtual Machine Specification"/>
    <property name="java.awt.printerjob" value="sun.print.PSPrinterJob"/>
    <property name="sun.os.patch.level" value="unknown"/>
    <property name="java.library.path" value="/usr/java/packages/lib/amd64:/usr/lib/x86_64-linux-gnu/jni:/lib/x86_64-linux-gnu:/usr/lib/x86_64-linux-gnu:/usr/lib/jni:/lib:/usr/lib"/>
    <property name="java.vm.info" value="mixed mode"/>
    <property name="java.vendor" value="Private Build"/>
    <property name="java.vm.version" value="25.282-b08"/>
    <property name="java.ext.dirs" value="/usr/lib/jvm/java-8-openjdk-amd64/jre/lib/ext:/usr/java/packages/lib/ext"/>
    <property name="sun.io.unicode.encoding" value="UnicodeLittle"/>
    <property name="java.class.version" value="52.0"/>
  </properties>
  <testcase name="testAll[1][1]" classname="examples.ExamplesTest" time="1.598">
    <failure message="users.feature:29 - &#10;java.net.UnknownHostException: xt3hhbm2qrcghjywh4wwq7ph2m.appsync-api.us-east-1.amazonaws.com: Name or service not known" type="org.opentest4j.AssertionFailedError">org.opentest4j.AssertionFailedError: 
users.feature:29 - 
java.net.UnknownHostException: xt3hhbm2qrcghjywh4wwq7ph2m.appsync-api.us-east-1.amazonaws.com: Name or service not known
</failure>
    <system-out><![CDATA[18:41:44.157 [main] INFO  com.intuit.karate - karate.env system property was:  
18:41:44.851 [main] DEBUG com.intuit.karate - request:
1 > POST https://xt3hhbm2qrcghjywh4wwq7ph2m.appsync-api.us-east-1.amazonaws.com/graphql
1 > Accept-Encoding: gzip,deflate
1 > Connection: Keep-Alive
1 > Content-Length: 61
1 > Content-Type: application/json; charset=UTF-8
1 > Host: xt3hhbm2qrcghjywh4wwq7ph2m.appsync-api.us-east-1.amazonaws.com
1 > User-Agent: Apache-HttpClient/4.5.12 (Java/1.8.0_282)
1 > X-API-KEY: da2-3zbudgxsfbc6rbo4egomsyrege
{"query":"{\nfiendsoffriends(personID: \"99\"){\ncity\n}\n}"}

18:41:45.280 [main] ERROR com.intuit.karate - java.net.UnknownHostException: xt3hhbm2qrcghjywh4wwq7ph2m.appsync-api.us-east-1.amazonaws.com: Name or service not known, http call failed after 429 milliseconds for URL: https://xt3hhbm2qrcghjywh4wwq7ph2m.appsync-api.us-east-1.amazonaws.com/graphql
18:41:45.281 [main] ERROR com.intuit.karate - http request failed: 
java.net.UnknownHostException: xt3hhbm2qrcghjywh4wwq7ph2m.appsync-api.us-east-1.amazonaws.com: Name or service not known
]]></system-out>
  </testcase>
  <testcase name="testAll[1][2]" classname="examples.ExamplesTest" time="0.038">
    <failure message="users.feature:50 - &#10;java.net.UnknownHostException: xt3hhbm2qrcghjywh4wwq7ph2m.appsync-api.us-east-1.amazonaws.com" type="org.opentest4j.AssertionFailedError">org.opentest4j.AssertionFailedError: 
users.feature:50 - 
java.net.UnknownHostException: xt3hhbm2qrcghjywh4wwq7ph2m.appsync-api.us-east-1.amazonaws.com
</failure>
    <system-out><![CDATA[18:41:45.348 [main] INFO  com.intuit.karate - karate.env system property was:  
18:41:45.356 [main] DEBUG com.intuit.karate - request:
1 > POST https://xt3hhbm2qrcghjywh4wwq7ph2m.appsync-api.us-east-1.amazonaws.com/graphql
1 > Accept-Encoding: gzip,deflate
1 > Connection: Keep-Alive
1 > Content-Length: 53
1 > Content-Type: application/json; charset=UTF-8
1 > Host: xt3hhbm2qrcghjywh4wwq7ph2m.appsync-api.us-east-1.amazonaws.com
1 > User-Agent: Apache-HttpClient/4.5.12 (Java/1.8.0_282)
1 > X-API-KEY: da2-3zbudgxsfbc6rbo4egomsyrege
{"query":"{\nfriends(personID: \"99\"){\ncity\n}\n}"}

18:41:45.358 [main] ERROR com.intuit.karate - java.net.UnknownHostException: xt3hhbm2qrcghjywh4wwq7ph2m.appsync-api.us-east-1.amazonaws.com, http call failed after 2 milliseconds for URL: https://xt3hhbm2qrcghjywh4wwq7ph2m.appsync-api.us-east-1.amazonaws.com/graphql
18:41:45.359 [main] ERROR com.intuit.karate - http request failed: 
java.net.UnknownHostException: xt3hhbm2qrcghjywh4wwq7ph2m.appsync-api.us-east-1.amazonaws.com
]]></system-out>
  </testcase>
  <testcase name="testAll[1][3]" classname="examples.ExamplesTest" time="0.09">
    <failure message="users.feature:71 - &#10;java.net.UnknownHostException: xt3hhbm2qrcghjywh4wwq7ph2m.appsync-api.us-east-1.amazonaws.com" type="org.opentest4j.AssertionFailedError">org.opentest4j.AssertionFailedError: 
users.feature:71 - 
java.net.UnknownHostException: xt3hhbm2qrcghjywh4wwq7ph2m.appsync-api.us-east-1.amazonaws.com
</failure>
    <system-out><![CDATA[18:41:45.379 [main] INFO  com.intuit.karate - karate.env system property was:  
18:41:45.393 [main] DEBUG com.intuit.karate - request:
1 > POST https://xt3hhbm2qrcghjywh4wwq7ph2m.appsync-api.us-east-1.amazonaws.com/graphql
1 > Accept-Encoding: gzip,deflate
1 > Connection: Keep-Alive
1 > Content-Length: 71
1 > Content-Type: application/json; charset=UTF-8
1 > Host: xt3hhbm2qrcghjywh4wwq7ph2m.appsync-api.us-east-1.amazonaws.com
1 > User-Agent: Apache-HttpClient/4.5.12 (Java/1.8.0_282)
1 > X-API-KEY: da2-3zbudgxsfbc6rbo4egomsyrege
{"query":"{\nuserAssociated(personID: \"99\", personIdTwo: \"77\")\n}"}

18:41:45.394 [main] ERROR com.intuit.karate - java.net.UnknownHostException: xt3hhbm2qrcghjywh4wwq7ph2m.appsync-api.us-east-1.amazonaws.com, http call failed after 0 milliseconds for URL: https://xt3hhbm2qrcghjywh4wwq7ph2m.appsync-api.us-east-1.amazonaws.com/graphql
18:41:45.394 [main] ERROR com.intuit.karate - http request failed: 
java.net.UnknownHostException: xt3hhbm2qrcghjywh4wwq7ph2m.appsync-api.us-east-1.amazonaws.com
]]></system-out>
  </testcase>
  <testcase name="testAll[1][4]" classname="examples.ExamplesTest" time="0.289">
    <failure message="users.feature:96 - &#10;java.net.UnknownHostException: xt3hhbm2qrcghjywh4wwq7ph2m.appsync-api.us-east-1.amazonaws.com" type="org.opentest4j.AssertionFailedError">org.opentest4j.AssertionFailedError: 
users.feature:96 - 
java.net.UnknownHostException: xt3hhbm2qrcghjywh4wwq7ph2m.appsync-api.us-east-1.amazonaws.com
</failure>
    <system-out><![CDATA[18:41:45.424 [main] INFO  com.intuit.karate - karate.env system property was:  
18:41:45.432 [main] DEBUG com.intuit.karate - request:
1 > POST https://xt3hhbm2qrcghjywh4wwq7ph2m.appsync-api.us-east-1.amazonaws.com/graphql
1 > Accept-Encoding: gzip,deflate
1 > Connection: Keep-Alive
1 > Content-Length: 138
1 > Content-Type: application/json; charset=UTF-8
1 > Host: xt3hhbm2qrcghjywh4wwq7ph2m.appsync-api.us-east-1.amazonaws.com
1 > User-Agent: Apache-HttpClient/4.5.12 (Java/1.8.0_282)
1 > X-API-KEY: da2-3zbudgxsfbc6rbo4egomsyrege
{"query":"{\n     latestReview(restaurantId: \"1234\") {\n    reviewId\n    rating\n    text\n    restaurantId\n    created_date\n  }\n}"}

18:41:45.434 [main] ERROR com.intuit.karate - java.net.UnknownHostException: xt3hhbm2qrcghjywh4wwq7ph2m.appsync-api.us-east-1.amazonaws.com, http call failed after 1 milliseconds for URL: https://xt3hhbm2qrcghjywh4wwq7ph2m.appsync-api.us-east-1.amazonaws.com/graphql
18:41:45.434 [main] ERROR com.intuit.karate - http request failed: 
java.net.UnknownHostException: xt3hhbm2qrcghjywh4wwq7ph2m.appsync-api.us-east-1.amazonaws.com
---------------------------------------------------------
feature: classpath:examples/users/users.feature
scenarios:  4 | passed:  0 | failed:  4 | time: 1.0451
---------------------------------------------------------
]]></system-out>
  </testcase>
</testsuite>